<?xml version="1.0" encoding="UTF-8"?>
<testsuite xmlns:xsi="http://www.w3.org/2001/XMLSchema-instance" xsi:noNamespaceSchemaLocation="https://maven.apache.org/surefire/maven-surefire-plugin/xsd/surefire-test-report-3.0.xsd" version="3.0" name="CreateOrderTests" time="16.664" tests="7" errors="0" skipped="0" failures="0">
  <properties>
[...]
</properties>
  <testcase name="createOrderWithoutAuthorizationWithIngredientsShouldReturnSuccess" classname="CreateOrderTests" time="4.5"/>
  <testcase name="createOrderWithInvalidIngredientHashShouldReturnError" classname="CreateOrderTests" time="0.925"/>
  <testcase name="createOrderWithMultipleIngredientsShouldReturnSuccess" classname="CreateOrderTests" time="3.397"/>
  <testcase name="createOrderWithoutAuthorizationWithoutIngredientsShouldReturnError" classname="CreateOrderTests" time="0.087"/>
  <testcase name="createOrderWithAuthorizationAndIngredientsShouldReturnSuccess" classname="CreateOrderTests" time="3.427"/>
  <testcase name="createOrderWithAuthorizationWithoutIngredientsShouldReturnError" classname="CreateOrderTests" time="0.86"/>
  <testcase name="createOrderWithSingleIngredientShouldReturnSuccess" classname="CreateOrderTests" time="3.354"/>
</testsuite>